2025-10-27 23:31:01,461 - INFO - Found CSVs: ['dataset/olist_order_payments_dataset.csv', 'dataset/olist_sellers_dataset.csv', 'dataset/olist_order_items_dataset.csv', 'dataset/product_category_name_translation.csv', 'dataset/olist_customers_dataset.csv', 'dataset/olist_orders_dataset.csv', 'dataset/olist_geolocation_dataset.csv', 'dataset/olist_products_dataset.csv', 'dataset/olist_order_reviews_dataset.csv']
2025-10-27 23:31:01,461 - INFO - Target tables: ['olist_order_payments', 'olist_sellers', 'olist_order_items', 'product_category_name_translation', 'olist_customers', 'olist_orders', 'olist_geolocation', 'olist_products', 'olist_order_reviews']
2025-10-27 23:31:03,032 - INFO - --- Inserted 103886 rows into olist_order_payments (conflict=IGNORE) ---
2025-10-27 23:31:03,041 - INFO - --- Inserted 3095 rows into olist_sellers (conflict=IGNORE) ---
2025-10-27 23:31:03,409 - INFO - --- Inserted 112650 rows into olist_order_items (conflict=IGNORE) ---
2025-10-27 23:31:03,420 - INFO - --- Inserted 71 rows into product_category_name_translation (conflict=IGNORE) ---
2025-10-27 23:31:03,650 - INFO - --- Inserted 99441 rows into olist_customers (conflict=IGNORE) ---
2025-10-27 23:31:03,999 - INFO - --- Inserted 99441 rows into olist_orders (conflict=IGNORE) ---
2025-10-27 23:31:08,536 - INFO - --- Inserted 1000163 rows into olist_geolocation (conflict=IGNORE) ---
2025-10-27 23:31:08,686 - INFO - --- Inserted 32951 rows into olist_products (conflict=IGNORE) ---
2025-10-27 23:31:08,981 - INFO - --- Inserted 99224 rows into olist_order_reviews (conflict=IGNORE) ---
2025-10-27 23:31:08,992 - INFO - ------ All tables inserted successfully! ------
2025-10-27 23:32:01,447 - INFO - Found CSVs: ['dataset/olist_order_payments_dataset.csv', 'dataset/olist_sellers_dataset.csv', 'dataset/olist_order_items_dataset.csv', 'dataset/product_category_name_translation.csv', 'dataset/olist_customers_dataset.csv', 'dataset/olist_orders_dataset.csv', 'dataset/olist_geolocation_dataset.csv', 'dataset/olist_products_dataset.csv', 'dataset/olist_order_reviews_dataset.csv']
2025-10-27 23:32:01,448 - INFO - Target tables: ['olist_order_payments', 'olist_sellers', 'olist_order_items', 'product_category_name_translation', 'olist_customers', 'olist_orders', 'olist_geolocation', 'olist_products', 'olist_order_reviews']
2025-10-27 23:32:03,231 - INFO - --- Inserted 103886 rows into olist_order_payments (conflict=IGNORE) ---
2025-10-27 23:32:03,240 - INFO - --- Inserted 3095 rows into olist_sellers (conflict=IGNORE) ---
2025-10-27 23:32:03,486 - INFO - --- Inserted 112650 rows into olist_order_items (conflict=IGNORE) ---
2025-10-27 23:32:03,495 - INFO - --- Inserted 71 rows into product_category_name_translation (conflict=IGNORE) ---
2025-10-27 23:32:03,709 - INFO - --- Inserted 99441 rows into olist_customers (conflict=IGNORE) ---
2025-10-27 23:32:04,022 - INFO - --- Inserted 99441 rows into olist_orders (conflict=IGNORE) ---
2025-10-27 23:32:08,103 - INFO - --- Inserted 1000163 rows into olist_geolocation (conflict=IGNORE) ---
2025-10-27 23:32:08,229 - INFO - --- Inserted 32951 rows into olist_products (conflict=IGNORE) ---
2025-10-27 23:32:08,496 - INFO - --- Inserted 99224 rows into olist_order_reviews (conflict=IGNORE) ---
2025-10-27 23:32:08,507 - INFO - ------ All tables inserted successfully! ------
2025-10-27 23:33:01,916 - INFO - Found CSVs: ['dataset/olist_order_payments_dataset.csv', 'dataset/olist_sellers_dataset.csv', 'dataset/olist_order_items_dataset.csv', 'dataset/product_category_name_translation.csv', 'dataset/olist_customers_dataset.csv', 'dataset/olist_orders_dataset.csv', 'dataset/olist_geolocation_dataset.csv', 'dataset/olist_products_dataset.csv', 'dataset/olist_order_reviews_dataset.csv']
2025-10-27 23:33:01,917 - INFO - Target tables: ['olist_order_payments', 'olist_sellers', 'olist_order_items', 'product_category_name_translation', 'olist_customers', 'olist_orders', 'olist_geolocation', 'olist_products', 'olist_order_reviews']
2025-10-27 23:33:03,693 - INFO - --- Inserted 103886 rows into olist_order_payments (conflict=IGNORE) ---
2025-10-27 23:33:03,724 - INFO - --- Inserted 3095 rows into olist_sellers (conflict=IGNORE) ---
2025-10-27 23:33:04,596 - INFO - --- Inserted 112650 rows into olist_order_items (conflict=IGNORE) ---
2025-10-27 23:33:04,607 - INFO - --- Inserted 71 rows into product_category_name_translation (conflict=IGNORE) ---
2025-10-27 23:33:04,830 - INFO - --- Inserted 99441 rows into olist_customers (conflict=IGNORE) ---
2025-10-27 23:33:05,123 - INFO - --- Inserted 99441 rows into olist_orders (conflict=IGNORE) ---
2025-10-27 23:33:07,317 - INFO - --- Inserted 1000163 rows into olist_geolocation (conflict=IGNORE) ---
2025-10-27 23:33:07,420 - INFO - --- Inserted 32951 rows into olist_products (conflict=IGNORE) ---
2025-10-27 23:33:07,658 - INFO - --- Inserted 99224 rows into olist_order_reviews (conflict=IGNORE) ---
2025-10-27 23:33:07,671 - INFO - ------ All tables inserted successfully! ------
2025-10-27 23:34:02,094 - INFO - Found CSVs: ['dataset/olist_order_payments_dataset.csv', 'dataset/olist_sellers_dataset.csv', 'dataset/olist_order_items_dataset.csv', 'dataset/product_category_name_translation.csv', 'dataset/olist_customers_dataset.csv', 'dataset/olist_orders_dataset.csv', 'dataset/olist_geolocation_dataset.csv', 'dataset/olist_products_dataset.csv', 'dataset/olist_order_reviews_dataset.csv']
2025-10-27 23:34:02,094 - INFO - Target tables: ['olist_order_payments', 'olist_sellers', 'olist_order_items', 'product_category_name_translation', 'olist_customers', 'olist_orders', 'olist_geolocation', 'olist_products', 'olist_order_reviews']
2025-10-27 23:34:03,944 - INFO - --- Inserted 103886 rows into olist_order_payments (conflict=IGNORE) ---
2025-10-27 23:34:03,960 - INFO - --- Inserted 3095 rows into olist_sellers (conflict=IGNORE) ---
2025-10-27 23:34:04,309 - INFO - --- Inserted 112650 rows into olist_order_items (conflict=IGNORE) ---
2025-10-27 23:34:04,326 - INFO - --- Inserted 71 rows into product_category_name_translation (conflict=IGNORE) ---
2025-10-27 23:34:04,589 - INFO - --- Inserted 99441 rows into olist_customers (conflict=IGNORE) ---
2025-10-27 23:34:04,989 - INFO - --- Inserted 99441 rows into olist_orders (conflict=IGNORE) ---
2025-10-27 23:34:08,252 - INFO - --- Inserted 1000163 rows into olist_geolocation (conflict=IGNORE) ---
2025-10-27 23:34:08,397 - INFO - --- Inserted 32951 rows into olist_products (conflict=IGNORE) ---
2025-10-27 23:34:08,720 - INFO - --- Inserted 99224 rows into olist_order_reviews (conflict=IGNORE) ---
2025-10-27 23:34:08,746 - INFO - ------ All tables inserted successfully! ------
2025-10-27 23:35:02,251 - INFO - Found CSVs: ['dataset/olist_order_payments_dataset.csv', 'dataset/olist_sellers_dataset.csv', 'dataset/olist_order_items_dataset.csv', 'dataset/product_category_name_translation.csv', 'dataset/olist_customers_dataset.csv', 'dataset/olist_orders_dataset.csv', 'dataset/olist_geolocation_dataset.csv', 'dataset/olist_products_dataset.csv', 'dataset/olist_order_reviews_dataset.csv']
2025-10-27 23:35:02,252 - INFO - Target tables: ['olist_order_payments', 'olist_sellers', 'olist_order_items', 'product_category_name_translation', 'olist_customers', 'olist_orders', 'olist_geolocation', 'olist_products', 'olist_order_reviews']
2025-10-27 23:35:04,169 - INFO - --- Inserted 103886 rows into olist_order_payments (conflict=IGNORE) ---
2025-10-27 23:35:04,182 - INFO - --- Inserted 3095 rows into olist_sellers (conflict=IGNORE) ---
2025-10-27 23:35:04,493 - INFO - --- Inserted 112650 rows into olist_order_items (conflict=IGNORE) ---
2025-10-27 23:35:04,503 - INFO - --- Inserted 71 rows into product_category_name_translation (conflict=IGNORE) ---
2025-10-27 23:35:04,757 - INFO - --- Inserted 99441 rows into olist_customers (conflict=IGNORE) ---
2025-10-27 23:35:05,125 - INFO - --- Inserted 99441 rows into olist_orders (conflict=IGNORE) ---
2025-10-27 23:35:08,375 - INFO - --- Inserted 1000163 rows into olist_geolocation (conflict=IGNORE) ---
2025-10-27 23:35:08,522 - INFO - --- Inserted 32951 rows into olist_products (conflict=IGNORE) ---
2025-10-27 23:35:08,853 - INFO - --- Inserted 99224 rows into olist_order_reviews (conflict=IGNORE) ---
2025-10-27 23:35:08,863 - INFO - ------ All tables inserted successfully! ------
2025-10-27 23:36:02,350 - INFO - Found CSVs: ['dataset/olist_order_payments_dataset.csv', 'dataset/olist_sellers_dataset.csv', 'dataset/olist_order_items_dataset.csv', 'dataset/product_category_name_translation.csv', 'dataset/olist_customers_dataset.csv', 'dataset/olist_orders_dataset.csv', 'dataset/olist_geolocation_dataset.csv', 'dataset/olist_products_dataset.csv', 'dataset/olist_order_reviews_dataset.csv']
2025-10-27 23:36:02,351 - INFO - Target tables: ['olist_order_payments', 'olist_sellers', 'olist_order_items', 'product_category_name_translation', 'olist_customers', 'olist_orders', 'olist_geolocation', 'olist_products', 'olist_order_reviews']
2025-10-27 23:36:04,089 - INFO - --- Inserted 103886 rows into olist_order_payments (conflict=IGNORE) ---
2025-10-27 23:36:04,119 - INFO - --- Inserted 3095 rows into olist_sellers (conflict=IGNORE) ---
2025-10-27 23:36:04,419 - INFO - --- Inserted 112650 rows into olist_order_items (conflict=IGNORE) ---
2025-10-27 23:36:04,429 - INFO - --- Inserted 71 rows into product_category_name_translation (conflict=IGNORE) ---
2025-10-27 23:36:04,642 - INFO - --- Inserted 99441 rows into olist_customers (conflict=IGNORE) ---
2025-10-27 23:36:04,954 - INFO - --- Inserted 99441 rows into olist_orders (conflict=IGNORE) ---
2025-10-27 23:36:07,841 - INFO - --- Inserted 1000163 rows into olist_geolocation (conflict=IGNORE) ---
2025-10-27 23:36:08,016 - INFO - --- Inserted 32951 rows into olist_products (conflict=IGNORE) ---
2025-10-27 23:36:08,328 - INFO - --- Inserted 99224 rows into olist_order_reviews (conflict=IGNORE) ---
2025-10-27 23:36:08,351 - INFO - ------ All tables inserted successfully! ------
2025-10-27 23:37:01,868 - INFO - Found CSVs: ['dataset/olist_order_payments_dataset.csv', 'dataset/olist_sellers_dataset.csv', 'dataset/olist_order_items_dataset.csv', 'dataset/product_category_name_translation.csv', 'dataset/olist_customers_dataset.csv', 'dataset/olist_orders_dataset.csv', 'dataset/olist_geolocation_dataset.csv', 'dataset/olist_products_dataset.csv', 'dataset/olist_order_reviews_dataset.csv']
2025-10-27 23:37:01,868 - INFO - Target tables: ['olist_order_payments', 'olist_sellers', 'olist_order_items', 'product_category_name_translation', 'olist_customers', 'olist_orders', 'olist_geolocation', 'olist_products', 'olist_order_reviews']
2025-10-27 23:37:03,774 - INFO - --- Inserted 103886 rows into olist_order_payments (conflict=IGNORE) ---
2025-10-27 23:37:03,795 - INFO - --- Inserted 3095 rows into olist_sellers (conflict=IGNORE) ---
2025-10-27 23:37:04,087 - INFO - --- Inserted 112650 rows into olist_order_items (conflict=IGNORE) ---
2025-10-27 23:37:04,099 - INFO - --- Inserted 71 rows into product_category_name_translation (conflict=IGNORE) ---
2025-10-27 23:37:04,353 - INFO - --- Inserted 99441 rows into olist_customers (conflict=IGNORE) ---
2025-10-27 23:37:04,686 - INFO - --- Inserted 99441 rows into olist_orders (conflict=IGNORE) ---
2025-10-27 23:37:07,941 - INFO - --- Inserted 1000163 rows into olist_geolocation (conflict=IGNORE) ---
2025-10-27 23:37:08,091 - INFO - --- Inserted 32951 rows into olist_products (conflict=IGNORE) ---
2025-10-27 23:37:08,422 - INFO - --- Inserted 99224 rows into olist_order_reviews (conflict=IGNORE) ---
2025-10-27 23:37:08,431 - INFO - ------ All tables inserted successfully! ------
2025-10-27 23:38:02,012 - INFO - Found CSVs: ['dataset/olist_order_payments_dataset.csv', 'dataset/olist_sellers_dataset.csv', 'dataset/olist_order_items_dataset.csv', 'dataset/product_category_name_translation.csv', 'dataset/olist_customers_dataset.csv', 'dataset/olist_orders_dataset.csv', 'dataset/olist_geolocation_dataset.csv', 'dataset/olist_products_dataset.csv', 'dataset/olist_order_reviews_dataset.csv']
2025-10-27 23:38:02,012 - INFO - Target tables: ['olist_order_payments', 'olist_sellers', 'olist_order_items', 'product_category_name_translation', 'olist_customers', 'olist_orders', 'olist_geolocation', 'olist_products', 'olist_order_reviews']
2025-10-27 23:38:03,951 - INFO - --- Inserted 103886 rows into olist_order_payments (conflict=IGNORE) ---
2025-10-27 23:38:03,962 - INFO - --- Inserted 3095 rows into olist_sellers (conflict=IGNORE) ---
2025-10-27 23:38:04,267 - INFO - --- Inserted 112650 rows into olist_order_items (conflict=IGNORE) ---
2025-10-27 23:38:04,280 - INFO - --- Inserted 71 rows into product_category_name_translation (conflict=IGNORE) ---
2025-10-27 23:38:04,574 - INFO - --- Inserted 99441 rows into olist_customers (conflict=IGNORE) ---
2025-10-27 23:38:04,942 - INFO - --- Inserted 99441 rows into olist_orders (conflict=IGNORE) ---
2025-10-27 23:38:08,124 - INFO - --- Inserted 1000163 rows into olist_geolocation (conflict=IGNORE) ---
2025-10-27 23:38:08,290 - INFO - --- Inserted 32951 rows into olist_products (conflict=IGNORE) ---
2025-10-27 23:38:08,622 - INFO - --- Inserted 99224 rows into olist_order_reviews (conflict=IGNORE) ---
2025-10-27 23:38:08,631 - INFO - ------ All tables inserted successfully! ------
2025-10-27 23:39:02,047 - INFO - Found CSVs: ['dataset/olist_order_payments_dataset.csv', 'dataset/olist_sellers_dataset.csv', 'dataset/olist_order_items_dataset.csv', 'dataset/product_category_name_translation.csv', 'dataset/olist_customers_dataset.csv', 'dataset/olist_orders_dataset.csv', 'dataset/olist_geolocation_dataset.csv', 'dataset/olist_products_dataset.csv', 'dataset/olist_order_reviews_dataset.csv']
2025-10-27 23:39:02,047 - INFO - Target tables: ['olist_order_payments', 'olist_sellers', 'olist_order_items', 'product_category_name_translation', 'olist_customers', 'olist_orders', 'olist_geolocation', 'olist_products', 'olist_order_reviews']
2025-10-27 23:39:03,876 - INFO - --- Inserted 103886 rows into olist_order_payments (conflict=IGNORE) ---
2025-10-27 23:39:03,886 - INFO - --- Inserted 3095 rows into olist_sellers (conflict=IGNORE) ---
2025-10-27 23:39:04,170 - INFO - --- Inserted 112650 rows into olist_order_items (conflict=IGNORE) ---
2025-10-27 23:39:04,180 - INFO - --- Inserted 71 rows into product_category_name_translation (conflict=IGNORE) ---
2025-10-27 23:39:04,431 - INFO - --- Inserted 99441 rows into olist_customers (conflict=IGNORE) ---
2025-10-27 23:39:04,759 - INFO - --- Inserted 99441 rows into olist_orders (conflict=IGNORE) ---
2025-10-27 23:39:07,446 - INFO - --- Inserted 1000163 rows into olist_geolocation (conflict=IGNORE) ---
2025-10-27 23:39:07,580 - INFO - --- Inserted 32951 rows into olist_products (conflict=IGNORE) ---
2025-10-27 23:39:07,868 - INFO - --- Inserted 99224 rows into olist_order_reviews (conflict=IGNORE) ---
2025-10-27 23:39:07,877 - INFO - ------ All tables inserted successfully! ------
2025-10-27 23:40:02,290 - INFO - Found CSVs: ['dataset/olist_order_payments_dataset.csv', 'dataset/olist_sellers_dataset.csv', 'dataset/olist_order_items_dataset.csv', 'dataset/product_category_name_translation.csv', 'dataset/olist_customers_dataset.csv', 'dataset/olist_orders_dataset.csv', 'dataset/olist_geolocation_dataset.csv', 'dataset/olist_products_dataset.csv', 'dataset/olist_order_reviews_dataset.csv']
2025-10-27 23:40:02,290 - INFO - Target tables: ['olist_order_payments', 'olist_sellers', 'olist_order_items', 'product_category_name_translation', 'olist_customers', 'olist_orders', 'olist_geolocation', 'olist_products', 'olist_order_reviews']
2025-10-27 23:40:03,800 - INFO - --- Inserted 103886 rows into olist_order_payments (conflict=IGNORE) ---
2025-10-27 23:40:03,813 - INFO - --- Inserted 3095 rows into olist_sellers (conflict=IGNORE) ---
2025-10-27 23:40:04,109 - INFO - --- Inserted 112650 rows into olist_order_items (conflict=IGNORE) ---
2025-10-27 23:40:04,121 - INFO - --- Inserted 71 rows into product_category_name_translation (conflict=IGNORE) ---
2025-10-27 23:40:04,384 - INFO - --- Inserted 99441 rows into olist_customers (conflict=IGNORE) ---
2025-10-27 23:40:04,792 - INFO - --- Inserted 99441 rows into olist_orders (conflict=IGNORE) ---
2025-10-27 23:40:07,276 - INFO - --- Inserted 1000163 rows into olist_geolocation (conflict=IGNORE) ---
2025-10-27 23:40:07,392 - INFO - --- Inserted 32951 rows into olist_products (conflict=IGNORE) ---
2025-10-27 23:40:07,645 - INFO - --- Inserted 99224 rows into olist_order_reviews (conflict=IGNORE) ---
2025-10-27 23:40:07,654 - INFO - ------ All tables inserted successfully! ------
2025-10-28 19:56:03,014 - INFO - Found CSVs: ['dataset/olist_order_payments_dataset.csv', 'dataset/olist_sellers_dataset.csv', 'dataset/olist_order_items_dataset.csv', 'dataset/product_category_name_translation.csv', 'dataset/olist_customers_dataset.csv', 'dataset/olist_orders_dataset.csv', 'dataset/olist_geolocation_dataset.csv', 'dataset/olist_products_dataset.csv', 'dataset/olist_order_reviews_dataset.csv']
2025-10-28 19:56:03,018 - INFO - Target tables: ['olist_order_payments', 'olist_sellers', 'olist_order_items', 'product_category_name_translation', 'olist_customers', 'olist_orders', 'olist_geolocation', 'olist_products', 'olist_order_reviews']
2025-10-28 19:56:06,685 - INFO - --- Inserted 103886 rows into olist_order_payments (conflict=IGNORE) ---
2025-10-28 19:56:06,716 - INFO - --- Inserted 3095 rows into olist_sellers (conflict=IGNORE) ---
2025-10-28 19:56:07,857 - INFO - --- Inserted 112650 rows into olist_order_items (conflict=IGNORE) ---
2025-10-28 19:56:07,869 - INFO - --- Inserted 71 rows into product_category_name_translation (conflict=IGNORE) ---
2025-10-28 19:56:08,744 - INFO - --- Inserted 99441 rows into olist_customers (conflict=IGNORE) ---
2025-10-28 19:56:09,688 - INFO - --- Inserted 99441 rows into olist_orders (conflict=IGNORE) ---
2025-10-28 19:56:18,093 - INFO - --- Inserted 1000163 rows into olist_geolocation (conflict=IGNORE) ---
2025-10-28 19:56:18,396 - INFO - --- Inserted 32951 rows into olist_products (conflict=IGNORE) ---
2025-10-28 19:56:19,273 - INFO - --- Inserted 99224 rows into olist_order_reviews (conflict=IGNORE) ---
2025-10-28 19:56:19,282 - INFO - ------ All tables inserted successfully! ------
2025-10-28 19:57:01,646 - INFO - Found CSVs: ['dataset/olist_order_payments_dataset.csv', 'dataset/olist_sellers_dataset.csv', 'dataset/olist_order_items_dataset.csv', 'dataset/product_category_name_translation.csv', 'dataset/olist_customers_dataset.csv', 'dataset/olist_orders_dataset.csv', 'dataset/olist_geolocation_dataset.csv', 'dataset/olist_products_dataset.csv', 'dataset/olist_order_reviews_dataset.csv']
2025-10-28 19:57:01,646 - INFO - Target tables: ['olist_order_payments', 'olist_sellers', 'olist_order_items', 'product_category_name_translation', 'olist_customers', 'olist_orders', 'olist_geolocation', 'olist_products', 'olist_order_reviews']
2025-10-28 19:57:03,168 - INFO - --- Inserted 103886 rows into olist_order_payments (conflict=IGNORE) ---
2025-10-28 19:57:03,179 - INFO - --- Inserted 3095 rows into olist_sellers (conflict=IGNORE) ---
2025-10-28 19:57:03,438 - INFO - --- Inserted 112650 rows into olist_order_items (conflict=IGNORE) ---
2025-10-28 19:57:03,446 - INFO - --- Inserted 71 rows into product_category_name_translation (conflict=IGNORE) ---
2025-10-28 19:57:03,659 - INFO - --- Inserted 99441 rows into olist_customers (conflict=IGNORE) ---
2025-10-28 19:57:03,954 - INFO - --- Inserted 99441 rows into olist_orders (conflict=IGNORE) ---
2025-10-28 19:57:06,410 - INFO - --- Inserted 1000163 rows into olist_geolocation (conflict=IGNORE) ---
2025-10-28 19:57:06,519 - INFO - --- Inserted 32951 rows into olist_products (conflict=IGNORE) ---
2025-10-28 19:57:06,794 - INFO - --- Inserted 99224 rows into olist_order_reviews (conflict=IGNORE) ---
2025-10-28 19:57:06,802 - INFO - ------ All tables inserted successfully! ------
2025-10-28 19:58:02,145 - INFO - Found CSVs: ['dataset/olist_order_payments_dataset.csv', 'dataset/olist_sellers_dataset.csv', 'dataset/olist_order_items_dataset.csv', 'dataset/product_category_name_translation.csv', 'dataset/olist_customers_dataset.csv', 'dataset/olist_orders_dataset.csv', 'dataset/olist_geolocation_dataset.csv', 'dataset/olist_products_dataset.csv', 'dataset/olist_order_reviews_dataset.csv']
2025-10-28 19:58:02,149 - INFO - Target tables: ['olist_order_payments', 'olist_sellers', 'olist_order_items', 'product_category_name_translation', 'olist_customers', 'olist_orders', 'olist_geolocation', 'olist_products', 'olist_order_reviews']
2025-10-28 19:58:03,513 - INFO - --- Inserted 103886 rows into olist_order_payments (conflict=IGNORE) ---
2025-10-28 19:58:03,523 - INFO - --- Inserted 3095 rows into olist_sellers (conflict=IGNORE) ---
2025-10-28 19:58:03,767 - INFO - --- Inserted 112650 rows into olist_order_items (conflict=IGNORE) ---
2025-10-28 19:58:03,776 - INFO - --- Inserted 71 rows into product_category_name_translation (conflict=IGNORE) ---
2025-10-28 19:58:03,957 - INFO - --- Inserted 99441 rows into olist_customers (conflict=IGNORE) ---
2025-10-28 19:58:04,217 - INFO - --- Inserted 99441 rows into olist_orders (conflict=IGNORE) ---
2025-10-28 19:58:06,532 - INFO - --- Inserted 1000163 rows into olist_geolocation (conflict=IGNORE) ---
2025-10-28 19:58:06,632 - INFO - --- Inserted 32951 rows into olist_products (conflict=IGNORE) ---
2025-10-28 19:58:06,887 - INFO - --- Inserted 99224 rows into olist_order_reviews (conflict=IGNORE) ---
2025-10-28 19:58:06,901 - INFO - ------ All tables inserted successfully! ------
2025-10-28 19:59:01,297 - INFO - Found CSVs: ['dataset/olist_order_payments_dataset.csv', 'dataset/olist_sellers_dataset.csv', 'dataset/olist_order_items_dataset.csv', 'dataset/product_category_name_translation.csv', 'dataset/olist_customers_dataset.csv', 'dataset/olist_orders_dataset.csv', 'dataset/olist_geolocation_dataset.csv', 'dataset/olist_products_dataset.csv', 'dataset/olist_order_reviews_dataset.csv']
2025-10-28 19:59:01,297 - INFO - Target tables: ['olist_order_payments', 'olist_sellers', 'olist_order_items', 'product_category_name_translation', 'olist_customers', 'olist_orders', 'olist_geolocation', 'olist_products', 'olist_order_reviews']
2025-10-28 19:59:02,828 - INFO - --- Inserted 103886 rows into olist_order_payments (conflict=IGNORE) ---
2025-10-28 19:59:02,839 - INFO - --- Inserted 3095 rows into olist_sellers (conflict=IGNORE) ---
2025-10-28 19:59:03,093 - INFO - --- Inserted 112650 rows into olist_order_items (conflict=IGNORE) ---
2025-10-28 19:59:03,103 - INFO - --- Inserted 71 rows into product_category_name_translation (conflict=IGNORE) ---
2025-10-28 19:59:03,322 - INFO - --- Inserted 99441 rows into olist_customers (conflict=IGNORE) ---
2025-10-28 19:59:03,631 - INFO - --- Inserted 99441 rows into olist_orders (conflict=IGNORE) ---
2025-10-28 19:59:06,173 - INFO - --- Inserted 1000163 rows into olist_geolocation (conflict=IGNORE) ---
2025-10-28 19:59:06,283 - INFO - --- Inserted 32951 rows into olist_products (conflict=IGNORE) ---
2025-10-28 19:59:06,565 - INFO - --- Inserted 99224 rows into olist_order_reviews (conflict=IGNORE) ---
2025-10-28 19:59:06,573 - INFO - ------ All tables inserted successfully! ------
2025-10-28 20:00:01,944 - INFO - Found CSVs: ['dataset/olist_order_payments_dataset.csv', 'dataset/olist_sellers_dataset.csv', 'dataset/olist_order_items_dataset.csv', 'dataset/product_category_name_translation.csv', 'dataset/olist_customers_dataset.csv', 'dataset/olist_orders_dataset.csv', 'dataset/olist_geolocation_dataset.csv', 'dataset/olist_products_dataset.csv', 'dataset/olist_order_reviews_dataset.csv']
2025-10-28 20:00:01,945 - INFO - Target tables: ['olist_order_payments', 'olist_sellers', 'olist_order_items', 'product_category_name_translation', 'olist_customers', 'olist_orders', 'olist_geolocation', 'olist_products', 'olist_order_reviews']
2025-10-28 20:00:03,527 - INFO - --- Inserted 103886 rows into olist_order_payments (conflict=IGNORE) ---
2025-10-28 20:00:03,537 - INFO - --- Inserted 3095 rows into olist_sellers (conflict=IGNORE) ---
2025-10-28 20:00:03,787 - INFO - --- Inserted 112650 rows into olist_order_items (conflict=IGNORE) ---
2025-10-28 20:00:03,796 - INFO - --- Inserted 71 rows into product_category_name_translation (conflict=IGNORE) ---
2025-10-28 20:00:04,009 - INFO - --- Inserted 99441 rows into olist_customers (conflict=IGNORE) ---
2025-10-28 20:00:04,318 - INFO - --- Inserted 99441 rows into olist_orders (conflict=IGNORE) ---
2025-10-28 20:00:06,925 - INFO - --- Inserted 1000163 rows into olist_geolocation (conflict=IGNORE) ---
2025-10-28 20:00:07,039 - INFO - --- Inserted 32951 rows into olist_products (conflict=IGNORE) ---
2025-10-28 20:00:07,325 - INFO - --- Inserted 99224 rows into olist_order_reviews (conflict=IGNORE) ---
2025-10-28 20:00:07,333 - INFO - ------ All tables inserted successfully! ------
2025-10-28 20:01:01,751 - INFO - Found CSVs: ['dataset/olist_order_payments_dataset.csv', 'dataset/olist_sellers_dataset.csv', 'dataset/olist_order_items_dataset.csv', 'dataset/product_category_name_translation.csv', 'dataset/olist_customers_dataset.csv', 'dataset/olist_orders_dataset.csv', 'dataset/olist_geolocation_dataset.csv', 'dataset/olist_products_dataset.csv', 'dataset/olist_order_reviews_dataset.csv']
2025-10-28 20:01:01,752 - INFO - Target tables: ['olist_order_payments', 'olist_sellers', 'olist_order_items', 'product_category_name_translation', 'olist_customers', 'olist_orders', 'olist_geolocation', 'olist_products', 'olist_order_reviews']
2025-10-28 20:01:03,700 - INFO - --- Inserted 103886 rows into olist_order_payments (conflict=IGNORE) ---
2025-10-28 20:01:03,713 - INFO - --- Inserted 3095 rows into olist_sellers (conflict=IGNORE) ---
2025-10-28 20:01:03,936 - INFO - --- Inserted 112650 rows into olist_order_items (conflict=IGNORE) ---
2025-10-28 20:01:03,949 - INFO - --- Inserted 71 rows into product_category_name_translation (conflict=IGNORE) ---
2025-10-28 20:01:04,130 - INFO - --- Inserted 99441 rows into olist_customers (conflict=IGNORE) ---
2025-10-28 20:01:04,383 - INFO - --- Inserted 99441 rows into olist_orders (conflict=IGNORE) ---
2025-10-28 20:01:08,201 - INFO - --- Inserted 1000163 rows into olist_geolocation (conflict=IGNORE) ---
2025-10-28 20:01:08,351 - INFO - --- Inserted 32951 rows into olist_products (conflict=IGNORE) ---
2025-10-28 20:01:08,665 - INFO - --- Inserted 99224 rows into olist_order_reviews (conflict=IGNORE) ---
2025-10-28 20:01:08,675 - INFO - ------ All tables inserted successfully! ------
2025-10-28 20:02:02,049 - INFO - Found CSVs: ['dataset/olist_order_payments_dataset.csv', 'dataset/olist_sellers_dataset.csv', 'dataset/olist_order_items_dataset.csv', 'dataset/product_category_name_translation.csv', 'dataset/olist_customers_dataset.csv', 'dataset/olist_orders_dataset.csv', 'dataset/olist_geolocation_dataset.csv', 'dataset/olist_products_dataset.csv', 'dataset/olist_order_reviews_dataset.csv']
2025-10-28 20:02:02,050 - INFO - Target tables: ['olist_order_payments', 'olist_sellers', 'olist_order_items', 'product_category_name_translation', 'olist_customers', 'olist_orders', 'olist_geolocation', 'olist_products', 'olist_order_reviews']
2025-10-28 20:02:03,575 - INFO - --- Inserted 103886 rows into olist_order_payments (conflict=IGNORE) ---
2025-10-28 20:02:03,584 - INFO - --- Inserted 3095 rows into olist_sellers (conflict=IGNORE) ---
2025-10-28 20:02:03,827 - INFO - --- Inserted 112650 rows into olist_order_items (conflict=IGNORE) ---
2025-10-28 20:02:03,835 - INFO - --- Inserted 71 rows into product_category_name_translation (conflict=IGNORE) ---
2025-10-28 20:02:04,044 - INFO - --- Inserted 99441 rows into olist_customers (conflict=IGNORE) ---
2025-10-28 20:02:04,336 - INFO - --- Inserted 99441 rows into olist_orders (conflict=IGNORE) ---
2025-10-28 20:02:07,193 - INFO - --- Inserted 1000163 rows into olist_geolocation (conflict=IGNORE) ---
2025-10-28 20:02:07,303 - INFO - --- Inserted 32951 rows into olist_products (conflict=IGNORE) ---
2025-10-28 20:02:07,577 - INFO - --- Inserted 99224 rows into olist_order_reviews (conflict=IGNORE) ---
2025-10-28 20:02:07,585 - INFO - ------ All tables inserted successfully! ------
2025-10-28 20:03:02,018 - INFO - Found CSVs: ['dataset/olist_order_payments_dataset.csv', 'dataset/olist_sellers_dataset.csv', 'dataset/olist_order_items_dataset.csv', 'dataset/product_category_name_translation.csv', 'dataset/olist_customers_dataset.csv', 'dataset/olist_orders_dataset.csv', 'dataset/olist_geolocation_dataset.csv', 'dataset/olist_products_dataset.csv', 'dataset/olist_order_reviews_dataset.csv']
2025-10-28 20:03:02,019 - INFO - Target tables: ['olist_order_payments', 'olist_sellers', 'olist_order_items', 'product_category_name_translation', 'olist_customers', 'olist_orders', 'olist_geolocation', 'olist_products', 'olist_order_reviews']
2025-10-28 20:03:03,676 - INFO - --- Inserted 103886 rows into olist_order_payments (conflict=IGNORE) ---
2025-10-28 20:03:03,685 - INFO - --- Inserted 3095 rows into olist_sellers (conflict=IGNORE) ---
2025-10-28 20:03:03,925 - INFO - --- Inserted 112650 rows into olist_order_items (conflict=IGNORE) ---
2025-10-28 20:03:03,934 - INFO - --- Inserted 71 rows into product_category_name_translation (conflict=IGNORE) ---
2025-10-28 20:03:04,119 - INFO - --- Inserted 99441 rows into olist_customers (conflict=IGNORE) ---
2025-10-28 20:03:04,376 - INFO - --- Inserted 99441 rows into olist_orders (conflict=IGNORE) ---
2025-10-28 20:03:07,697 - INFO - --- Inserted 1000163 rows into olist_geolocation (conflict=IGNORE) ---
2025-10-28 20:03:07,816 - INFO - --- Inserted 32951 rows into olist_products (conflict=IGNORE) ---
2025-10-28 20:03:08,102 - INFO - --- Inserted 99224 rows into olist_order_reviews (conflict=IGNORE) ---
2025-10-28 20:03:08,110 - INFO - ------ All tables inserted successfully! ------
2025-10-28 20:04:01,792 - INFO - Found CSVs: ['dataset/olist_order_payments_dataset.csv', 'dataset/olist_sellers_dataset.csv', 'dataset/olist_order_items_dataset.csv', 'dataset/product_category_name_translation.csv', 'dataset/olist_customers_dataset.csv', 'dataset/olist_orders_dataset.csv', 'dataset/olist_geolocation_dataset.csv', 'dataset/olist_products_dataset.csv', 'dataset/olist_order_reviews_dataset.csv']
2025-10-28 20:04:01,793 - INFO - Target tables: ['olist_order_payments', 'olist_sellers', 'olist_order_items', 'product_category_name_translation', 'olist_customers', 'olist_orders', 'olist_geolocation', 'olist_products', 'olist_order_reviews']
2025-10-28 20:04:04,837 - INFO - --- Inserted 103886 rows into olist_order_payments (conflict=IGNORE) ---
2025-10-28 20:04:04,851 - INFO - --- Inserted 3095 rows into olist_sellers (conflict=IGNORE) ---
2025-10-28 20:04:05,220 - INFO - --- Inserted 112650 rows into olist_order_items (conflict=IGNORE) ---
2025-10-28 20:04:05,434 - INFO - --- Inserted 71 rows into product_category_name_translation (conflict=IGNORE) ---
2025-10-28 20:04:05,706 - INFO - --- Inserted 99441 rows into olist_customers (conflict=IGNORE) ---
2025-10-28 20:04:06,155 - INFO - --- Inserted 99441 rows into olist_orders (conflict=IGNORE) ---
2025-10-28 20:04:11,467 - INFO - --- Inserted 1000163 rows into olist_geolocation (conflict=IGNORE) ---
2025-10-28 20:04:11,602 - INFO - --- Inserted 32951 rows into olist_products (conflict=IGNORE) ---
2025-10-28 20:04:11,966 - INFO - --- Inserted 99224 rows into olist_order_reviews (conflict=IGNORE) ---
2025-10-28 20:04:11,980 - INFO - ------ All tables inserted successfully! ------
2025-10-28 20:05:01,515 - INFO - Found CSVs: ['dataset/olist_order_payments_dataset.csv', 'dataset/olist_sellers_dataset.csv', 'dataset/olist_order_items_dataset.csv', 'dataset/product_category_name_translation.csv', 'dataset/olist_customers_dataset.csv', 'dataset/olist_orders_dataset.csv', 'dataset/olist_geolocation_dataset.csv', 'dataset/olist_products_dataset.csv', 'dataset/olist_order_reviews_dataset.csv']
2025-10-28 20:05:01,515 - INFO - Target tables: ['olist_order_payments', 'olist_sellers', 'olist_order_items', 'product_category_name_translation', 'olist_customers', 'olist_orders', 'olist_geolocation', 'olist_products', 'olist_order_reviews']
2025-10-28 20:05:03,245 - INFO - --- Inserted 103886 rows into olist_order_payments (conflict=IGNORE) ---
2025-10-28 20:05:03,256 - INFO - --- Inserted 3095 rows into olist_sellers (conflict=IGNORE) ---
2025-10-28 20:05:03,587 - INFO - --- Inserted 112650 rows into olist_order_items (conflict=IGNORE) ---
2025-10-28 20:05:03,598 - INFO - --- Inserted 71 rows into product_category_name_translation (conflict=IGNORE) ---
2025-10-28 20:05:03,848 - INFO - --- Inserted 99441 rows into olist_customers (conflict=IGNORE) ---
2025-10-28 20:05:04,199 - INFO - --- Inserted 99441 rows into olist_orders (conflict=IGNORE) ---
2025-10-28 20:05:07,000 - INFO - --- Inserted 1000163 rows into olist_geolocation (conflict=IGNORE) ---
2025-10-28 20:05:07,130 - INFO - --- Inserted 32951 rows into olist_products (conflict=IGNORE) ---
2025-10-28 20:05:07,440 - INFO - --- Inserted 99224 rows into olist_order_reviews (conflict=IGNORE) ---
2025-10-28 20:05:07,449 - INFO - ------ All tables inserted successfully! ------
2025-10-28 20:06:07,067 - INFO - Found CSVs: ['dataset/olist_order_payments_dataset.csv', 'dataset/olist_sellers_dataset.csv', 'dataset/olist_order_items_dataset.csv', 'dataset/product_category_name_translation.csv', 'dataset/olist_customers_dataset.csv', 'dataset/olist_orders_dataset.csv', 'dataset/olist_geolocation_dataset.csv', 'dataset/olist_products_dataset.csv', 'dataset/olist_order_reviews_dataset.csv']
2025-10-28 20:06:07,077 - INFO - Target tables: ['olist_order_payments', 'olist_sellers', 'olist_order_items', 'product_category_name_translation', 'olist_customers', 'olist_orders', 'olist_geolocation', 'olist_products', 'olist_order_reviews']
2025-10-28 20:06:12,579 - INFO - --- Inserted 103886 rows into olist_order_payments (conflict=IGNORE) ---
2025-10-28 20:06:12,611 - INFO - --- Inserted 3095 rows into olist_sellers (conflict=IGNORE) ---
2025-10-28 20:06:13,101 - INFO - --- Inserted 112650 rows into olist_order_items (conflict=IGNORE) ---
2025-10-28 20:06:13,116 - INFO - --- Inserted 71 rows into product_category_name_translation (conflict=IGNORE) ---
2025-10-28 20:06:13,757 - INFO - --- Inserted 99441 rows into olist_customers (conflict=IGNORE) ---
2025-10-28 20:06:14,481 - INFO - --- Inserted 99441 rows into olist_orders (conflict=IGNORE) ---
2025-10-28 20:06:21,417 - INFO - --- Inserted 1000163 rows into olist_geolocation (conflict=IGNORE) ---
2025-10-28 20:06:21,783 - INFO - --- Inserted 32951 rows into olist_products (conflict=IGNORE) ---
2025-10-28 20:06:23,632 - INFO - --- Inserted 99224 rows into olist_order_reviews (conflict=IGNORE) ---
2025-10-28 20:06:23,643 - INFO - ------ All tables inserted successfully! ------
2025-10-28 20:07:04,169 - INFO - Found CSVs: ['dataset/olist_order_payments_dataset.csv', 'dataset/olist_sellers_dataset.csv', 'dataset/olist_order_items_dataset.csv', 'dataset/product_category_name_translation.csv', 'dataset/olist_customers_dataset.csv', 'dataset/olist_orders_dataset.csv', 'dataset/olist_geolocation_dataset.csv', 'dataset/olist_products_dataset.csv', 'dataset/olist_order_reviews_dataset.csv']
2025-10-28 20:07:04,170 - INFO - Target tables: ['olist_order_payments', 'olist_sellers', 'olist_order_items', 'product_category_name_translation', 'olist_customers', 'olist_orders', 'olist_geolocation', 'olist_products', 'olist_order_reviews']
2025-10-28 20:07:08,759 - INFO - --- Inserted 103886 rows into olist_order_payments (conflict=IGNORE) ---
2025-10-28 20:07:08,772 - INFO - --- Inserted 3095 rows into olist_sellers (conflict=IGNORE) ---
2025-10-28 20:07:09,143 - INFO - --- Inserted 112650 rows into olist_order_items (conflict=IGNORE) ---
2025-10-28 20:07:09,157 - INFO - --- Inserted 71 rows into product_category_name_translation (conflict=IGNORE) ---
2025-10-28 20:07:09,447 - INFO - --- Inserted 99441 rows into olist_customers (conflict=IGNORE) ---
2025-10-28 20:07:09,867 - INFO - --- Inserted 99441 rows into olist_orders (conflict=IGNORE) ---
2025-10-28 20:07:14,157 - INFO - --- Inserted 1000163 rows into olist_geolocation (conflict=IGNORE) ---
2025-10-28 20:07:14,330 - INFO - --- Inserted 32951 rows into olist_products (conflict=IGNORE) ---
2025-10-28 20:07:14,736 - INFO - --- Inserted 99224 rows into olist_order_reviews (conflict=IGNORE) ---
2025-10-28 20:07:14,746 - INFO - ------ All tables inserted successfully! ------
2025-10-28 20:08:02,244 - INFO - Found CSVs: ['dataset/olist_order_payments_dataset.csv', 'dataset/olist_sellers_dataset.csv', 'dataset/olist_order_items_dataset.csv', 'dataset/product_category_name_translation.csv', 'dataset/olist_customers_dataset.csv', 'dataset/olist_orders_dataset.csv', 'dataset/olist_geolocation_dataset.csv', 'dataset/olist_products_dataset.csv', 'dataset/olist_order_reviews_dataset.csv']
2025-10-28 20:08:02,244 - INFO - Target tables: ['olist_order_payments', 'olist_sellers', 'olist_order_items', 'product_category_name_translation', 'olist_customers', 'olist_orders', 'olist_geolocation', 'olist_products', 'olist_order_reviews']
2025-10-28 20:08:04,055 - INFO - --- Inserted 103886 rows into olist_order_payments (conflict=IGNORE) ---
2025-10-28 20:08:04,067 - INFO - --- Inserted 3095 rows into olist_sellers (conflict=IGNORE) ---
2025-10-28 20:08:04,351 - INFO - --- Inserted 112650 rows into olist_order_items (conflict=IGNORE) ---
2025-10-28 20:08:04,374 - INFO - --- Inserted 71 rows into product_category_name_translation (conflict=IGNORE) ---
2025-10-28 20:08:04,714 - INFO - --- Inserted 99441 rows into olist_customers (conflict=IGNORE) ---
2025-10-28 20:08:05,061 - INFO - --- Inserted 99441 rows into olist_orders (conflict=IGNORE) ---
2025-10-28 20:08:13,400 - INFO - --- Inserted 1000163 rows into olist_geolocation (conflict=IGNORE) ---
2025-10-28 20:08:13,684 - INFO - --- Inserted 32951 rows into olist_products (conflict=IGNORE) ---
2025-10-28 20:08:14,029 - INFO - --- Inserted 99224 rows into olist_order_reviews (conflict=IGNORE) ---
2025-10-28 20:08:14,040 - INFO - ------ All tables inserted successfully! ------
2025-10-28 20:09:01,680 - INFO - Found CSVs: ['dataset/olist_order_payments_dataset.csv', 'dataset/olist_sellers_dataset.csv', 'dataset/olist_order_items_dataset.csv', 'dataset/product_category_name_translation.csv', 'dataset/olist_customers_dataset.csv', 'dataset/olist_orders_dataset.csv', 'dataset/olist_geolocation_dataset.csv', 'dataset/olist_products_dataset.csv', 'dataset/olist_order_reviews_dataset.csv']
2025-10-28 20:09:01,680 - INFO - Target tables: ['olist_order_payments', 'olist_sellers', 'olist_order_items', 'product_category_name_translation', 'olist_customers', 'olist_orders', 'olist_geolocation', 'olist_products', 'olist_order_reviews']
2025-10-28 20:09:03,510 - INFO - --- Inserted 103886 rows into olist_order_payments (conflict=IGNORE) ---
2025-10-28 20:09:03,545 - INFO - --- Inserted 3095 rows into olist_sellers (conflict=IGNORE) ---
2025-10-28 20:09:04,523 - INFO - --- Inserted 112650 rows into olist_order_items (conflict=IGNORE) ---
2025-10-28 20:09:04,534 - INFO - --- Inserted 71 rows into product_category_name_translation (conflict=IGNORE) ---
2025-10-28 20:09:04,777 - INFO - --- Inserted 99441 rows into olist_customers (conflict=IGNORE) ---
2025-10-28 20:09:05,139 - INFO - --- Inserted 99441 rows into olist_orders (conflict=IGNORE) ---
2025-10-28 20:09:07,995 - INFO - --- Inserted 1000163 rows into olist_geolocation (conflict=IGNORE) ---
2025-10-28 20:09:08,117 - INFO - --- Inserted 32951 rows into olist_products (conflict=IGNORE) ---
2025-10-28 20:09:08,423 - INFO - --- Inserted 99224 rows into olist_order_reviews (conflict=IGNORE) ---
2025-10-28 20:09:08,432 - INFO - ------ All tables inserted successfully! ------
2025-10-28 20:10:01,841 - INFO - Found CSVs: ['dataset/olist_order_payments_dataset.csv', 'dataset/olist_sellers_dataset.csv', 'dataset/olist_order_items_dataset.csv', 'dataset/product_category_name_translation.csv', 'dataset/olist_customers_dataset.csv', 'dataset/olist_orders_dataset.csv', 'dataset/olist_geolocation_dataset.csv', 'dataset/olist_products_dataset.csv', 'dataset/olist_order_reviews_dataset.csv']
2025-10-28 20:10:01,841 - INFO - Target tables: ['olist_order_payments', 'olist_sellers', 'olist_order_items', 'product_category_name_translation', 'olist_customers', 'olist_orders', 'olist_geolocation', 'olist_products', 'olist_order_reviews']
2025-10-28 20:10:03,304 - INFO - --- Inserted 103886 rows into olist_order_payments (conflict=IGNORE) ---
2025-10-28 20:10:03,315 - INFO - --- Inserted 3095 rows into olist_sellers (conflict=IGNORE) ---
2025-10-28 20:10:03,572 - INFO - --- Inserted 112650 rows into olist_order_items (conflict=IGNORE) ---
2025-10-28 20:10:03,583 - INFO - --- Inserted 71 rows into product_category_name_translation (conflict=IGNORE) ---
2025-10-28 20:10:03,798 - INFO - --- Inserted 99441 rows into olist_customers (conflict=IGNORE) ---
2025-10-28 20:10:04,095 - INFO - --- Inserted 99441 rows into olist_orders (conflict=IGNORE) ---
2025-10-28 20:10:06,878 - INFO - --- Inserted 1000163 rows into olist_geolocation (conflict=IGNORE) ---
2025-10-28 20:10:07,012 - INFO - --- Inserted 32951 rows into olist_products (conflict=IGNORE) ---
2025-10-28 20:10:07,340 - INFO - --- Inserted 99224 rows into olist_order_reviews (conflict=IGNORE) ---
2025-10-28 20:10:07,351 - INFO - ------ All tables inserted successfully! ------
2025-10-28 20:11:01,704 - INFO - Found CSVs: ['dataset/olist_order_payments_dataset.csv', 'dataset/olist_sellers_dataset.csv', 'dataset/olist_order_items_dataset.csv', 'dataset/product_category_name_translation.csv', 'dataset/olist_customers_dataset.csv', 'dataset/olist_orders_dataset.csv', 'dataset/olist_geolocation_dataset.csv', 'dataset/olist_products_dataset.csv', 'dataset/olist_order_reviews_dataset.csv']
2025-10-28 20:11:01,704 - INFO - Target tables: ['olist_order_payments', 'olist_sellers', 'olist_order_items', 'product_category_name_translation', 'olist_customers', 'olist_orders', 'olist_geolocation', 'olist_products', 'olist_order_reviews']
2025-10-28 20:11:03,245 - INFO - --- Inserted 103886 rows into olist_order_payments (conflict=IGNORE) ---
2025-10-28 20:11:03,254 - INFO - --- Inserted 3095 rows into olist_sellers (conflict=IGNORE) ---
2025-10-28 20:11:03,477 - INFO - --- Inserted 112650 rows into olist_order_items (conflict=IGNORE) ---
2025-10-28 20:11:03,488 - INFO - --- Inserted 71 rows into product_category_name_translation (conflict=IGNORE) ---
2025-10-28 20:11:03,669 - INFO - --- Inserted 99441 rows into olist_customers (conflict=IGNORE) ---
2025-10-28 20:11:03,926 - INFO - --- Inserted 99441 rows into olist_orders (conflict=IGNORE) ---
2025-10-28 20:11:06,143 - INFO - --- Inserted 1000163 rows into olist_geolocation (conflict=IGNORE) ---
2025-10-28 20:11:06,273 - INFO - --- Inserted 32951 rows into olist_products (conflict=IGNORE) ---
2025-10-28 20:11:06,569 - INFO - --- Inserted 99224 rows into olist_order_reviews (conflict=IGNORE) ---
2025-10-28 20:11:06,582 - INFO - ------ All tables inserted successfully! ------
